[->>>+<<<]: 6950467
[->>>>>>>+<<<<<<<]: 768
[-<<<<<<+>>>>>>]: 124549
[-<<<<<+>>>>>]: 5721755
[-<<<<->>>>]: 828232
[<<<<<<<<<]: 8805576
[-<<+>>]: 579792
[<->-<<<<<<+>>>>>>]: 9017333
[->>>>>>+<<<<<<]: 99072
[>>>>>>>>>]: 254881
[-<<<+>>>]: 7320997
[->>>>+<<<<]: 66048
[-]: 4559440
[->>+>+<<<]: 11813904
[-<<-<<<<<<<<<<+>>>>>>>>>>>>]: 451775
[>>>>>>>>>]: 99087
[-<<<<+>>>>]: 5521611
[>>>0>0>0>>>>]: 56993
[-<+>]: 499167
[->>>>-<<<<<<<<<<<<<<+>>>>>>>>>>]: 148284
[-<<<<->>>>]: 6192
[-<<<<<->>>>>]: 11040
[->>>+>+<<<<]: 6497223
[-<<<<<<<+>>>>>>>]: 911888
[<<<<<<<<<]: 6192
[<->-<<<<<<<+>>>>>>>]: 4689518
[-<<<->>>]: 1699066
[>>0>0>0>>>>>]: 56993
[-<<<<<+>>>>>]: 1833048
[-<<<<<<<->>>>>>>]: 10656
[>>>>>0>>>>]: 6192
[>[->>>>>>>>>+<<<<<<<<<]<<<<<<<<<<]: 1823776
[->>[-<<+>>]<<[->>+>+<<<]+>>>>>>>>>]: 278896
[->>>>+<<<<<[->>[-<<+>>]<<[->>+>>+<<<<]+>>>>>>>>>]<<<<<<<<[<<<<<<<<<]]: 1823776
[-<<<<<<<<<<<<<<<<<<<<<<<<<<<<<<<<<<<<+>>>>>>>>>>>>>>>>>>>>>>>>>>>>>>>>>>>>]: 1823776
[->>>>-<<<<<<<<<<<<<<+>>>>>>>>>>]: 13668
[>0<->>>>>>>[-<<<<<<<+>[<->-<<<+>>>]<[->+<]>>>>>>>]<<<<<<[->>>>>>+<<<<<<]<+<<<<<<<<<]: 2064
[<<<<<<<<<]: 26659
[-<+>>>>+<<0]: 56993
[-<<<<+>>>>]: 911888
[<->-<<+>>]: 912
[>>>>>>>0>>]: 48
[>>>>>>[-<<<<<+>>>>>]<<<<<[->>>>>+<<<<+<]>>>>>>>>]: 56993
[->>>>+<<<<<<<<<<<<<[<<<<<<<<<]>>>>0+>>>>>[>>>>>>>>>]>+<]: 415220
[-<<-<<<<<<<<<<+>>>>>>>>>>>[-<+>]>]: 338656
[>>>>>>0>>>]: 48
[->>>>>+<<<<<<[->>[-<<+>>]<<[->>+>+<<<]+>>>>>>>>>]<<<<<<<<[<<<<<<<<<]]: 1823776
[>0<->>>>[-<<<<+>[<->-<<<<<<+>>>>>>]<[->+<]>>>>]<<<[->>>+<<<]<+<<<<<<<<<]: 56993
[>>>>>>>[-<<<<<<+>>>>>>]<<<<<<[->>>>>>+<<+<<<+<]>>>>>>>>]: 6192
[[>>>>>>>>>]+>0>0>0>0>0>0>0>0>0<<<<<<<<<[<<<<<<<<<]>>>>>>>>>-]: 6192
[-<<<<<<<[->>>>>+<++<<<<]>>>>>[-<<<<<+>>>>>]<->+>>]: 56993
[>>>>>>[-<<<<<+>>>>>]<<<<<[->>>>>+<<<+<<]>>>>>>>>]: 56993
[-[->>>>>>>>>+<<<<<<<<<]>>>>>>>>>]: 48
[->>>>>>>>-<<[-<<<<<<+>>>>>>]<<<<<<[->>>>>>+<<<<<<<<<<<<<<<[<<<<<<<<<]>>>0+>>>>>>[>>>>>>>>>]>0+<]]: 137
[->>>>>+<<<[->>>-<<<<<<<<<<<<<<+>>>>>>>>>>[->>>>+<<<<]>]<[->>>>-<<<<<<<<<<<<<<+>>>>>>>>>>]<]: 171184
[-<-<<<<<<<<<<+>>>>>>>>>>>]: 40419
[>[->>>>+<<<[->>>-<<<<<<<<<<<<<+>>>>>>>>>>>[->>+<<]<]>[->>-<<<<<<<<<<<<<+>>>>>>>>>>>]<<]>[->>>+<<[->>-<<<<<<<<<<<<<+>>>>>>>>>>>]<]>[->>+<<]<<<<<<<<<<<<]: 11456
[->>>+<<[->>-<<<<<<<<<<<<<+>>>>>>>>>>>]<]: 183296
[>>>>>>>>>]: 11504207
[>>>>>>[->>+<<]<<<<<<<<<<<<<<<]: 24
[-<<<<<<<->>>>>>>]: 6192
[->>+<<<<<<<<<<<[<<<<<<<<<]>>>>0+>>>>>[>>>>>>>>>]>0+<]: 276524
[->>>+<<<<[->>>>-<<<<<<<<<<<<<<+>>>>>>>>>>]>]: 171184
[->>>>>>>>->[>>>>>>[->>+<<]>>>]<<<<<<<<<[>0<->>>>>>>>[-<<<<<<<<+>[<->-<<+>>]<[->+<]>>>>>>>>]<<<<<<<[->>>>>>>+<<<<<<<]<+<<<<<<<<<]>+++++[-[->>>>>>>>>+<<<<<<<<<]>>>>>>>>>]>>>>>+>>>>>>>>>>>>>>>>>>>>>>>>>>>+<<<<<<[<<<<<<<<<]>>>>>>>>>[>>>>>>[-<<<<<<->>>>>>]+<<<<<<[->>>>>>->>[-<<<<<<<<+>>>>>>>>]<<<<<<<<[->>>>>>>>+<<<<<<<<<<<<<<<<<[<<<<<<<<<]>>>>0+>>>>>[>>>>>>>>>]>+<]]+>>>>>>>>[-<<<<<<<<->>>>>>>>]+<<<<<<<<[->>>>>>>>-<<[-<<<<<<+>>>>>>]<<<<<<[->>>>>>+<<<<<<<<<<<<<<<[<<<<<<<<<]>>>0+>>>>>>[>>>>>>>>>]>0+<]]+>[-<[>>>>>>>>>]<<<<<<<<]>>>>>>>>]<<<<<<<<<[<<<<<<<<<]>>>>0<<<+++++[-[->>>>>>>>>+<<<<<<<<<]>>>>>>>>>]>>>>>->>>>>>>>>>>>>>>>>>>>>>>>>>>-<<<<<<[<<<<<<<<<]]: 48
[>0>0>0>0>0>0>>>]: 6192
[->>>+>>>>>>[>+>>>[-<<<->>>]<<<[->>>+<<<]>>>>>>>>]<<<<<<<<+<[>[->+>[-<-<<<<<<<<<<+>>>>>>>>>>>>[-<<+>>]<]>[-<<-<<<<<<<<<<+>>>>>>>>>>>>]<<<]>>[-<+>>[-<<-<<<<<<<<<<+>>>>>>>>>>>>]<]>[-<<+>>]<<<<<<<<<<<<<]]: 56993
[->+>[-<-<<<<<<<<<<+>>>>>>>>>>>>[-<<+>>]<]>[-<<-<<<<<<<<<<+>>>>>>>>>>>>]<<<]: 491296
[->>>>>>>+<<<<<<<<<<<<<<<<[<<<<<<<<<]>>>>0+>>>>>[>>>>>>>>>]>+<]: 8592
[-<<<<<<<.>>>>>>>]: 6192
[->>>>+<<<+<]: 2735664
[->>>>>>>+<<<<<<<<[<<<<<<<<<]>>>>>>>>0+>>]: 182
[->>>>>>>+<<+<<<+<<]: 99072
[-<<<<<<[->>>>>+<++<<<<]>>>>>[-<<<<<+>>>>>]<->+>]: 56993
[->>>>+>0>>[-<<<<<<<+>>>>>>>]<<<<<<<[->>>>>>>+<<+<<<<<]>>>>>>>>>[>>>>>>>>>]<<<<<<<<<[>[->>>>+<<<[->>>-<<<<<<<<<<<<<+>>>>>>>>>>>[->>+<<]<]>[->>-<<<<<<<<<<<<<+>>>>>>>>>>>]<<]>[->>>+<<[->>-<<<<<<<<<<<<<+>>>>>>>>>>>]<]>[->>+<<]<<<<<<<<<<<<]]: 56993
[->>>>>+<<<+<<]: 911888
[>>>>[-<<<<<<<<<<<<<<<<<<<<<<<<<<<<<<<<<<<<+>>>>>>>>>>>>>>>>>>>>>>>>>>>>>>>>>>>>]>>>>>]: 6192
[>0<->>>[-<<<+>[<->-<<<<<<<+>>>>>>>]<[->+<]>>>]<<[->>+<<]<+<<<<<<<<<]: 56993
[>0<->>>>>>>>[-<<<<<<<<+>[<->-<<+>>]<[->+<]>>>>>>>>]<<<<<<<[->>>>>>>+<<<<<<<]<+<<<<<<<<<]: 24
[>+>[-<->]<[->+<]>>>>>>>>]: 10699
[>>>[-<<<->>>]+<<<[->>>->[-<<<<+>>>>]<<<<[->>>>+<<<<<<<<<<<<<[<<<<<<<<<]>>>>0+>>>>>[>>>>>>>>>]>+<]]+>>>>[-<<<<->>>>]+<<<<[->>>>-<[-<<<+>>>]<<<[->>>+<<<<<<<<<<<<[<<<<<<<<<]>>>0+>>>>>>[>>>>>>>>>]>0+<]]+>[-<[>>>>>>>>>]<<<<<<<<]>>>>>>>>]: 56993
[->>>-<<<<<<<<<<<<<+>>>>>>>>>>>[->>+<<]<]: 38120
[-<<<<<<<+>>>>>>>]: 171719
[<->-<<<+>>>]: 147648
[-<<<<<<<<<<<<<<<<<<<<<<<<<<<<<<<<<<<<+>>>>>>>>>>>>>>>>>>>>>>>>>>>>>>>>>>>>]: 1823776
[-<<<<<<+>>>>>>]: 911888
[>->>>>>[-<<<<<+>>>>>]<<<<<[->>>>>+<<<<<<[->>>[-<<<+>>>]<<<[->>>+>+<<<<]+>>>>>>>>>]<<<<<<<<[<<<<<<<<<]]>>>>>>>>>[>>>>>>>>>]<<<<<<<<<[>>[->>>>>>>>>+<<<<<<<<<]<<<<<<<<<<<]>>[->>>>>>>>>+<<<<<<<<<]<<+>>>>>>>>]: 56993
[->>>>>>>+>>[>+>>>>[-<<<<->>>>]<<<<[->>>>+<<<<]>>>>>>>>]<<+<<<<<<<[>>>>>[->>+<<]<<<<<<<<<<<<<<]>>>>>>>>>[>>>>>>>>>]<<<<<<<<<[>0<->>>>>>>[-<<<<<<<+>[<->-<<<+>>>]<[->+<]>>>>>>>]<<<<<<[->>>>>>+<<<<<<]<+<<<<<<<<<]>>>>>>>-<<<<0+<<<]: 6192
[[>>>>>>>>>]<<<<<<<<<-<<<<<<<<<[<<<<<<<<<]>>>>>>>>>-]: 56993
[->>>>>+<++<<<<]: 50995
[-<<<<+>>>>]: 911888
[->++>>>+++++>++>+<<<<<<]: 1
[>[->>>>>+<<<<[->>>>-<<<<<<<<<<<<<<+>>>>>>>>>>>[->>>+<<<]<]>[->>>-<<<<<<<<<<<<<<+>>>>>>>>>>>]<<]>[->>>>+<<<[->>>-<<<<<<<<<<<<<<+>>>>>>>>>>>]<]>[->>>+<<<]<<<<<<<<<<<<]: 18126
[[>>>>>>>>>]<<<<<<<<<-<<<<<<<<<[<<<<<<<<<]>>>>>>>>>-]: 6192
[>[->>>>+<<[->>-<<<<<<<<<<<<<+>>>>>>>>>>[->>>+<<<]>]<[->>>-<<<<<<<<<<<<<+>>>>>>>>>>]<]>>[->>+<<<[->>>-<<<<<<<<<<<<<+>>>>>>>>>>]>]<[->>>+<<<]<<<<<<<<<<<]: 26306
[->>>>>+<<<<<<[->>>[-<<<+>>>]<<<[->>>+>+<<<<]+>>>>>>>>>]<<<<<<<<[<<<<<<<<<]]: 1823776
[>>>[-<<<->>>]+<<<[->>>->[-<<<<+>>>>]<<<<[->>>>+<<<<<<<<<<<<<[<<<<<<<<<]>>>>0+>>>>>[>>>>>>>>>]>+<]]+>>>>[-<<<<->>>>]+<<<<[->>>>-<[-<<<+>>>]<<<[->>>+<<<<<<<<<<<<[<<<<<<<<<]>>>0+>>>>>>[>>>>>>>>>]>0+<]]+>[-<[>>>>>>>>>]<<<<<<<<]>>>>>>>>]: 56993
[->>>>>+<<<<<<[->>>[-<<<+>>>]<<<[->>>+>+<<<<]+>>>>>>>>>]<<<<<<<<[<<<<<<<<<]]: 198144
[>0<->>>>>>>[-<<<<<<<+>[<->-<<<+>>>]<[->+<]>>>>>>>]<<<<<<[->>>>>>+<<<<<<]<+<<<<<<<<<]: 4128
[->>>>>>>>+>[>+>>>>>[-<<<<<->>>>>]<<<<<[->>>>>+<<<<<]>>>>>>>>]<+<<<<<<<<[>>>>>>[->>+<<]<<<<<<<<<<<<<<<]>>>>>>>>>[>>>>>>>>>]<<<<<<<<<[>0<->>>>>>>>[-<<<<<<<<+>[<->-<<+>>]<[->+<]>>>>>>>>]<<<<<<<[->>>>>>>+<<<<<<<]<+<<<<<<<<<]>>>>>>>>-<<<<<0+<<<]: 48
[-<<+>>]: 12809467
[-<<<<<<<<<<<<<<<<<<<<<<<<<<<<<<<<<<<<+>>>>>>>>>>>>>>>>>>>>>>>>>>>>>>>>>>>>]: 1823776
[->>>>>>>>>+<<<<<<<<<]: 128820933
[->>>>>>>+<<+<<<<<]: 51671
[->>>>>>>>>+<<<<<<<<<]: 28268528
[->>>>>+<<<<+<]: 1823776
[-<<+>>]: 12057541
[-<[>>>>>>>>>]<<<<<<<<]: 478264
[>>>>>>>>>]: 911888
[->>+>>+<<<<]: 12637333
[->>>>>>>+0>>[>>>>>>>>>]<<<<<<<<<[>>>>>>>[-<<<<<<+>>>>>>]<<<<<<[->>>>>>+<<<<<<<[<<<<<<<<<]>>>>>>>0+>>>]<<<<<<<<<<]]: 6192
[->>+<<]: 5378907
[>+>>>>>>>>]: 56993
[->>>>>>+<<<<+<<]: 911888
[>+>[-<->]<[->+<]>>>>>>>>]: 26306
[-<<<<+>>>>]: 56993
[->>[-<<+>>]<<[->>+>>+<<<<]+>>>>>>>>>]: 23808
[->>>>+<<0<<]: 63185
[-<[>>>>>>>>>]<<<<<<<<]: 454256
[->>>+<<<]: 420896
[->>>-<<<<<<<<<<<<<+>>>>>>>>>>]: 53215
[->>>+<<[->>-<<<<<<<<<<<<<+>>>>>>>>>>>]<]: 306768
[>>>>>[-<<<<+>>>>]<<<<[->>>>+<<<+<]>>>>>>>>]: 56993
[->>>>+>>>>>[>+>>[-<<->>]<<[->>+<<]>>>>>>>>]<<<<<<<<+<[>[->>>>>+<<<<[->>>>-<<<<<<<<<<<<<<+>>>>>>>>>>>[->>>+<<<]<]>[->>>-<<<<<<<<<<<<<<+>>>>>>>>>>>]<<]>[->>>>+<<<[->>>-<<<<<<<<<<<<<<+>>>>>>>>>>>]<]>[->>>+<<<]<<<<<<<<<<<<]>>>>0<<<<]: 38867
[>>0>0>>>>>>]: 113986
[<<<<<<<<<]: 4366
[>[->+>>[-<<-<<<<<<<<<<+>>>>>>>>>>>[-<+>]>]<[-<-<<<<<<<<<<+>>>>>>>>>>>]<<]>>>[-<<+>[-<-<<<<<<<<<<+>>>>>>>>>>>]>]<[-<+>]<<<<<<<<<<<<]: 26031
[>>>>>[-<<<<<->>>>>]+<<<<<[->>>>>->>[-<<<<<<<+>>>>>>>]<<<<<<<[->>>>>>>+<<<<<<<<<<<<<<<<[<<<<<<<<<]>>>>0+>>>>>[>>>>>>>>>]>+<]]+>>>>>>>[-<<<<<<<->>>>>>>]+<<<<<<<[->>>>>>>-<<[-<<<<<+>>>>>]<<<<<[->>>>>+<<<<<<<<<<<<<<[<<<<<<<<<]>>>0+>>>>>>[>>>>>>>>>]>0+<]]+>[-<[>>>>>>>>>]<<<<<<<<]>>>>>>>>]: 2064
[->>->[-<<<+>>>]<<<[->>>+<<<<<<<<<<<<[<<<<<<<<<]>>>0+>>>>>>[>>>>>>>>>]>0+<]]: 266197
[<<<<<<<<<]: 2016
[->>>>>>+<<<<<<<<<<<<<<<[<<<<<<<<<]>>>0+>>>>>>[>>>>>>>>>]>0+<]: 133
[->>-<<<<<<<<<<<<<+>>>>>>>>>>>]: 16175
[>->>>>>[-<<<<<+>>>>>]<<<<<[->>>>>+<<<<<<[->>[-<<+>>]<<[->>+>+<<<]+>>>>>>>>>]<<<<<<<<[<<<<<<<<<]]>>>>>>>>>[>>>>>>>>>]<<<<<<<<<[>[->>>>>>>>>+<<<<<<<<<]<<<<<<<<<<]>[->>>>>>>>>+<<<<<<<<<]<+>>>>>>>>]: 56993
[[>>>>>>>>>]<<<<<<<<<-<<<<<<<<<[<<<<<<<<<]>>>>>>>>>-]: 56993
[->>+<<<<<<<<<<<[<<<<<<<<<]>>>>0+>>>>>[>>>>>>>>>]>+<]: 227743
[[>>>>>>>>>]+>0>0>0>0>0>0>0>0>0<<<<<<<<<[<<<<<<<<<]>>>>>>>>>-]: 56993
[>+>>>>>>>>]: 56993
[->>>-<<<<<<<<<<<<<<+>>>>>>>>>>>]: 30533
[-<-<<<<<<<<<<+>>>>>>>>>>>]: 338656
[-<<<<<<<<+>[<->-<<+>>]<[->+<]>>>>>>>>]: 768
[-<<<<<<<<<+>>>>>>>>>]: 911888
[->>>>>>>+<<<<<<+<]: 911888
[-<<<<<<<<<<<<<<<<<<<<<<<<<<<<<<<<<<<<+>>>>>>>>>>>>>>>>>>>>>>>>>>>>>>>>>>>>]: 1823776
[-<<<+>>>]: 419895
[->>>>+<<<<<<<<<<<<<[<<<<<<<<<]>>>>0+>>>>>[>>>>>>>>>]>+<]: 119115
[->>>>>+<<<<[->>>>-<<<<<<<<<<<<<<+>>>>>>>>>>>[->>>+<<<]<]>[->>>-<<<<<<<<<<<<<<+>>>>>>>>>>>]<<]: 290016
[>+>>>>>[-<<<<<->>>>>]<<<<<[->>>>>+<<<<<]>>>>>>>>]: 24
[>>>>>>>>[-<<<<<<<+>>>>>>>]<<<<<<<[->>>>>>>+<<+<<<+<<]>>>>>>>>]: 6192
[-<<<<<<->>>>>>]: 137
[-<<<<<<<<+>>>>>>>>]: 110
[<<<<<<<<<]: 8256
[-<<<<<<<<<<<<<<<<<<<<<<<<<<<<<<<<<<<<+>>>>>>>>>>>>>>>>>>>>>>>>>>>>>>>>>>>>]: 198144
[->>[-<<+>>]<<[->>+>+<<<]+>>>>>>>>>]: 261196
[-<<<<<+>>>>>]: 911888
[->>>>+<<<<<[->>[-<<+>>]<<[->>+>>+<<<<]+>>>>>>>>>]<<<<<<<<[<<<<<<<<<]]: 198144
[-]: 911888
[-<<+>>]: 108537
[->+>>[-<<-<<<<<<<<<<+>>>>>>>>>>>[-<+>]>]<[-<-<<<<<<<<<<+>>>>>>>>>>>]<<]: 416496
[->>>-<<<<<<<<<<<<<<+>>>>>>>>>>>]: 257370
[-<<<<<<<<+>>>>>>>>]: 48
[-<<<<<<<<+>>>>>>>>]: 48
[->+>>>-<<<<]: 6192
[>>>>>>[-]>>>]: 56993
[->>>>->>>>>[>>>[-<<<->>>]+<<<[->>>-<[-<<+>>]<<[->>+<<<<<<<<<<<[<<<<<<<<<]>>>>0+>>>>>[>>>>>>>>>]>+<]]+>>[-<<->>]+<<[->>->[-<<<+>>>]<<<[->>>+<<<<<<<<<<<<[<<<<<<<<<]>>>0+>>>>>>[>>>>>>>>>]>0+<]]+>[-<[>>>>>>>>>]<<<<<<<<]>>>>>>>>]<<<<<<<<<[<<<<<<<<<]>>>[-<<<+>>>]<<<[->>>+>>>>>>[>+>[-<->]<[->+<]>>>>>>>>]<<<<<<<<+<[>[->>>>+<<[->>-<<<<<<<<<<<<<+>>>>>>>>>>[->>>+<<<]>]<[->>>-<<<<<<<<<<<<<+>>>>>>>>>>]<]>>[->>+<<<[->>>-<<<<<<<<<<<<<+>>>>>>>>>>]>]<[->>>+<<<]<<<<<<<<<<<]>>>>>0>>[-<<<<<<<+>>>>>>>]<<<<<<<[->>>>>>>+<<+<<<<<]]>>>>[-<<<<+>>>>]<<<<[->>>>+>>>>>[>+>>[-<<->>]<<[->>+<<]>>>>>>>>]<<<<<<<<+<[>[->>>>+<<<[->>>-<<<<<<<<<<<<<+>>>>>>>>>>>[->>+<<]<]>[->>-<<<<<<<<<<<<<+>>>>>>>>>>>]<<]>[->>>+<<[->>-<<<<<<<<<<<<<+>>>>>>>>>>>]<]>[->>+<<]<<<<<<<<<<<<]]>>>>0<<<<]: 56993
[->>>-<[-<<+>>]<<[->>+<<<<<<<<<<<[<<<<<<<<<]>>>>0+>>>>>[>>>>>>>>>]>+<]]: 266197
[->>>>+>>>>>[>+>>[-<<->>]<<[->>+<<]>>>>>>>>]<<<<<<<<+<[>[->>>>+<<<[->>>-<<<<<<<<<<<<<+>>>>>>>>>>>[->>+<<]<]>[->>-<<<<<<<<<<<<<+>>>>>>>>>>>]<<]>[->>>+<<[->>-<<<<<<<<<<<<<+>>>>>>>>>>>]<]>[->>+<<]<<<<<<<<<<<<]]: 37820
[-<<<<<<<<->>>>>>>>]: 185
[->>>>+<<<<]: 47631
[->>>>+>>>>>[>+>>[-<<->>]<<[->>+<<]>>>>>>>>]<<<<<<<<+<[>[->+>>[-<<-<<<<<<<<<<+>>>>>>>>>>>[-<+>]>]<[-<-<<<<<<<<<<+>>>>>>>>>>>]<<]>>>[-<<+>[-<-<<<<<<<<<<+>>>>>>>>>>>]>]<[-<+>]<<<<<<<<<<<<]>>>>>+<<<<<]: 56993
[->>>>+<<[->>-<<<<<<<<<<<<<+>>>>>>>>>>[->>>+<<<]>]<[->>>-<<<<<<<<<<<<<+>>>>>>>>>>]<]: 420896
[->>+<<<[->>>-<<<<<<<<<<<<<+>>>>>>>>>>]>]: 420896
[>[->>>>>+<<<[->>>-<<<<<<<<<<<<<<+>>>>>>>>>>[->>>>+<<<<]>]<[->>>>-<<<<<<<<<<<<<<+>>>>>>>>>>]<]>>[->>>+<<<<[->>>>-<<<<<<<<<<<<<<+>>>>>>>>>>]>]<[->>>>+<<<<]<<<<<<<<<<<]: 10699
[-[->>>>>>>>>+<<<<<<<<<]>>>>>>>>>]: 10417
[->+<]: 14083588
[->>>[-<<<+>>>]<<<[->>>+>+<<<<]+>>>>>>>>>]: 296237
[->>>>-<<<<<<.>>]: 6192
[>>[-<<<<<<<<<+>>>>>>>>>]>>>>>>>]: 56993
[->>>>->>>>>[>>[-<<->>]+<<[->>->[-<<<+>>>]<<<[->>>+<<<<<<<<<<<<[<<<<<<<<<]>>>0+>>>>>>[>>>>>>>>>]>+<]]+>>>[-<<<->>>]+<<<[->>>-<[-<<+>>]<<[->>+<<<<<<<<<<<[<<<<<<<<<]>>>>0+>>>>>[>>>>>>>>>]>0+<]]+>[-<[>>>>>>>>>]<<<<<<<<]>>>>>>>>]<<<<<<<<<[<<<<<<<<<]>>>>[-<<<<+>>>>]<<<<[->>>>+>>>>>[>+>>[-<<->>]<<[->>+<<]>>>>>>>>]<<<<<<<<+<[>[->>>>>+<<<<[->>>>-<<<<<<<<<<<<<<+>>>>>>>>>>>[->>>+<<<]<]>[->>>-<<<<<<<<<<<<<<+>>>>>>>>>>>]<<]>[->>>>+<<<[->>>-<<<<<<<<<<<<<<+>>>>>>>>>>>]<]>[->>>+<<<]<<<<<<<<<<<<]>>>>0<<<<]>>>[-<<<+>>>]<<<[->>>+>>>>>>[>+>[-<->]<[->+<]>>>>>>>>]<<<<<<<<+<[>[->>>>>+<<<[->>>-<<<<<<<<<<<<<<+>>>>>>>>>>[->>>>+<<<<]>]<[->>>>-<<<<<<<<<<<<<<+>>>>>>>>>>]<]>>[->>>+<<<<[->>>>-<<<<<<<<<<<<<<+>>>>>>>>>>]>]<[->>>>+<<<<]<<<<<<<<<<<]>>>>>>+<<<<<<]]: 56993
[-<->]: 592080
[->>>>>>>>+0>[>>>>>>>>>]<<<<<<<<<[>>>>>>>>[-<<<<<<<+>>>>>>>]<<<<<<<[->>>>>>>+<<<<<<<<[<<<<<<<<<]>>>>>>>>0+>>]<<<<<<<<<<]]: 48
[>->>>>[-<<<<+>>>>]<<<<[->>>>+<<<<<[->>[-<<+>>]<<[->>+>>+<<<<]+>>>>>>>>>]<<<<<<<<[<<<<<<<<<]]>>>>>>>>>[>>>>>>>>>]<<<<<<<<<[>[->>>>>>>>>+<<<<<<<<<]<<<<<<<<<<]>[->>>>>>>>>+<<<<<<<<<]<+>>>>>>>>]: 6192
[>>[->>>>>>>>>+<<<<<<<<<]<<<<<<<<<<<]: 2021920
[-<<->>]: 1581380
[->>>-<<<<<<<<<<<<<<+>>>>>>>>>>[->>>>+<<<<]>]: 148284
[>+>>>[-<<<->>>]<<<[->>>+<<<]>>>>>>>>]: 30706
[-<<<<+>>>>]: 37820
[->>-<<<<<<<<<<<<<+>>>>>>>>>>>]: 226884
[>>>>>>>>0>]: 1
[0>>>>>>[>>>>>>>[-<<<<<<+>>>>>>]<<<<<<[->>>>>>+<<+<<<+<]>>>>>>>>]<<<<<<<<<[<<<<<<<<<]>>>>>>>>>[>>>>>>>>[-<<<<<<<+>>>>>>>]<<<<<<<[->>>>>>>+<<+<<<+<<]>>>>>>>>]<<<<<<<<<[<<<<<<<<<]>>>>>>>[-<<<<<<<+>>>>>>>]<<<<<<<[->>>>>>>+<<+<<<<<]>>>>>>>>>+++++++++++++++[[>>>>>>>>>]+>0>0>0>0>0>0>0>0>0<<<<<<<<<[<<<<<<<<<]>>>>>>>>>-]+[>+>>>>>>>>]<<<<<<<<<[<<<<<<<<<]>>>>>>>>>[>->>>>[-<<<<+>>>>]<<<<[->>>>+<<<<<[->>[-<<+>>]<<[->>+>>+<<<<]+>>>>>>>>>]<<<<<<<<[<<<<<<<<<]]>>>>>>>>>[>>>>>>>>>]<<<<<<<<<[>[->>>>>>>>>+<<<<<<<<<]<<<<<<<<<<]>[->>>>>>>>>+<<<<<<<<<]<+>>>>>>>>]<<<<<<<<<[>0<->>>>[-<<<<+>[<->-<<<<<<+>>>>>>]<[->+<]>>>>]<<<[->>>+<<<]<+<<<<<<<<<]>>>>>>>>>[>+>>>>>>>>]<<<<<<<<<[<<<<<<<<<]>>>>>>>>>[>->>>>>[-<<<<<+>>>>>]<<<<<[->>>>>+<<<<<<[->>>[-<<<+>>>]<<<[->>>+>+<<<<]+>>>>>>>>>]<<<<<<<<[<<<<<<<<<]]>>>>>>>>>[>>>>>>>>>]<<<<<<<<<[>>[->>>>>>>>>+<<<<<<<<<]<<<<<<<<<<<]>>[->>>>>>>>>+<<<<<<<<<]<<+>>>>>>>>]<<<<<<<<<[>0<->>>>[-<<<<+>[<->-<<<<<<+>>>>>>]<[->+<]>>>>]<<<[->>>+<<<]<+<<<<<<<<<]>>>>>>>>>[>>>>[-<<<<<<<<<<<<<<<<<<<<<<<<<<<<<<<<<<<<+>>>>>>>>>>>>>>>>>>>>>>>>>>>>>>>>>>>>]>>>>>]<<<<<<<<<[<<<<<<<<<]>>>>>>>>>+++++++++++++++[[>>>>>>>>>]<<<<<<<<<-<<<<<<<<<[<<<<<<<<<]>>>>>>>>>-]+>>>>>>>>>>>>>>>>>>>>>+<<<[<<<<<<<<<]>>>>>>>>>[>>>[-<<<->>>]+<<<[->>>->[-<<<<+>>>>]<<<<[->>>>+<<<<<<<<<<<<<[<<<<<<<<<]>>>>0+>>>>>[>>>>>>>>>]>+<]]+>>>>[-<<<<->>>>]+<<<<[->>>>-<[-<<<+>>>]<<<[->>>+<<<<<<<<<<<<[<<<<<<<<<]>>>0+>>>>>>[>>>>>>>>>]>0+<]]+>[-<[>>>>>>>>>]<<<<<<<<]>>>>>>>>]<<<<<<<<<[<<<<<<<<<]<<<<<<<[->+>>>-<<<<]>>>>>>>>>++++++++++++++++++++++++++>>[-<<<<+>>>>]<<<<[->>>>+<<0<<]>>[<<<<<<<+<[-<+>>>>+<<0]>[-<<[->+>>>-<<<<]>>>]>>>>>>>>>>>>>[>>0>0>0>>>>>]<<<<<<<<<[<<<<<<<<<]>>>0>>>>>>[>>>>>[-<<<<+>>>>]<<<<[->>>>+<<<+<]>>>>>>>>]<<<<<<<<<[<<<<<<<<<]>>>>>>>>>[>>[-<<<<<<<<<+>>>>>>>>>]>>>>>>>]<<<<<<<<<[<<<<<<<<<]>>>>>>>>>+++++++++++++++[[>>>>>>>>>]+>[-]>0>0>0>0>0>0>0>0<<<<<<<<<[<<<<<<<<<]>>>>>>>>>-]+[>+>>>>>>>>]<<<<<<<<<[<<<<<<<<<]>>>>>>>>>[>->>>>>[-<<<<<+>>>>>]<<<<<[->>>>>+<<<<<<[->>[-<<+>>]<<[->>+>+<<<]+>>>>>>>>>]<<<<<<<<[<<<<<<<<<]]>>>>>>>>>[>>>>>>>>>]<<<<<<<<<[>[->>>>>>>>>+<<<<<<<<<]<<<<<<<<<<]>[->>>>>>>>>+<<<<<<<<<]<+>>>>>>>>]<<<<<<<<<[>0<->>>[-<<<+>[<->-<<<<<<<+>>>>>>>]<[->+<]>>>]<<[->>+<<]<+<<<<<<<<<]>>>>>>>>>[>>>>>>[-<<<<<+>>>>>]<<<<<[->>>>>+<<<<+<]>>>>>>>>]<<<<<<<<<[<<<<<<<<<]>>>>>>>>>[>+>>>>>>>>]<<<<<<<<<[<<<<<<<<<]>>>>>>>>>[>->>>>>[-<<<<<+>>>>>]<<<<<[->>>>>+<<<<<<[->>[-<<+>>]<<[->>+>>+<<<<]+>>>>>>>>>]<<<<<<<<[<<<<<<<<<]]>>>>>>>>>[>>>>>>>>>]<<<<<<<<<[>[->>>>>>>>>+<<<<<<<<<]<<<<<<<<<<]>[->>>>>>>>>+<<<<<<<<<]<+>>>>>>>>]<<<<<<<<<[>[-]<->>>>[-<<<<+>[<->-<<<<<<+>>>>>>]<[->+<]>>>>]<<<[->>>+<<<]<+<<<<<<<<<]>>>>>>>>>[>>>>[-<<<<<<<<<<<<<<<<<<<<<<<<<<<<<<<<<<<<+>>>>>>>>>>>>>>>>>>>>>>>>>>>>>>>>>>>>]>>>>>]<<<<<<<<<[<<<<<<<<<]>>>>>>>>>[>>>[-<<<<<<<<<<<<<<<<<<<<<<<<<<<<<<<<<<<<+>>>>>>>>>>>>>>>>>>>>>>>>>>>>>>>>>>>>]>>>>>>]<<<<<<<<<[<<<<<<<<<]>>>>>>>>>+++++++++++++++[[>>>>>>>>>]<<<<<<<<<-<<<<<<<<<[<<<<<<<<<]>>>>>>>>>-]+[>>>>>>>>[-<<<<<<<+>>>>>>>]<<<<<<<[->>>>>>>+<<<<<<+<]>>>>>>>>]<<<<<<<<<[<<<<<<<<<]>>>>>>>>>[>>>>>>[-]>>>]<<<<<<<<<[<<<<<<<<<]>>>>+>[-<-<<<<+>>>>>]>[-<<<<<<[->>>>>+<++<<<<]>>>>>[-<<<<<+>>>>>]<->+>]<[->+<]<<<<<[->>>>>+<<<<<]>>>>>>0<<<<<<+>>>>[-<<<<->>>>]+<<<<[->>>>->>>>>[>>[-<<->>]+<<[->>->[-<<<+>>>]<<<[->>>+<<<<<<<<<<<<[<<<<<<<<<]>>>0+>>>>>>[>>>>>>>>>]>+<]]+>>>[-<<<->>>]+<<<[->>>-<[-<<+>>]<<[->>+<<<<<<<<<<<[<<<<<<<<<]>>>>0+>>>>>[>>>>>>>>>]>0+<]]+>[-<[>>>>>>>>>]<<<<<<<<]>>>>>>>>]<<<<<<<<<[<<<<<<<<<]>>>>[-<<<<+>>>>]<<<<[->>>>+>>>>>[>+>>[-<<->>]<<[->>+<<]>>>>>>>>]<<<<<<<<+<[>[->>>>>+<<<<[->>>>-<<<<<<<<<<<<<<+>>>>>>>>>>>[->>>+<<<]<]>[->>>-<<<<<<<<<<<<<<+>>>>>>>>>>>]<<]>[->>>>+<<<[->>>-<<<<<<<<<<<<<<+>>>>>>>>>>>]<]>[->>>+<<<]<<<<<<<<<<<<]>>>>0<<<<]>>>[-<<<+>>>]<<<[->>>+>>>>>>[>+>[-<->]<[->+<]>>>>>>>>]<<<<<<<<+<[>[->>>>>+<<<[->>>-<<<<<<<<<<<<<<+>>>>>>>>>>[->>>>+<<<<]>]<[->>>>-<<<<<<<<<<<<<<+>>>>>>>>>>]<]>>[->>>+<<<<[->>>>-<<<<<<<<<<<<<<+>>>>>>>>>>]>]<[->>>>+<<<<]<<<<<<<<<<<]>>>>>>+<<<<<<]]>>>>[-<<<<+>>>>]<<<<[->>>>+>>>>>[>>>>>>>>>]<<<<<<<<<[>[->>>>>+<<<<[->>>>-<<<<<<<<<<<<<<+>>>>>>>>>>>[->>>+<<<]<]>[->>>-<<<<<<<<<<<<<<+>>>>>>>>>>>]<<]>[->>>>+<<<[->>>-<<<<<<<<<<<<<<+>>>>>>>>>>>]<]>[->>>+<<<]<<<<<<<<<<<<]]>0>>0>0>>>>>[>>0>0>>>>>>]<<<<<<<<<[<<<<<<<<<]>>>>>>>>>[>>>>>[-<<<<+>>>>]<<<<[->>>>+<<<+<]>>>>>>>>]<<<<<<<<<[<<<<<<<<<]>>>>>>>>>+++++++++++++++[[>>>>>>>>>]+>0>0>0>0>0>0>0>0>0<<<<<<<<<[<<<<<<<<<]>>>>>>>>>-]+[>+>>>>>>>>]<<<<<<<<<[<<<<<<<<<]>>>>>>>>>[>->>>>[-<<<<+>>>>]<<<<[->>>>+<<<<<[->>[-<<+>>]<<[->>+>+<<<]+>>>>>>>>>]<<<<<<<<[<<<<<<<<<]]>>>>>>>>>[>>>>>>>>>]<<<<<<<<<[>[->>>>>>>>>+<<<<<<<<<]<<<<<<<<<<]>[->>>>>>>>>+<<<<<<<<<]<+>>>>>>>>]<<<<<<<<<[>0<->>>[-<<<+>[<->-<<<<<<<+>>>>>>>]<[->+<]>>>]<<[->>+<<]<+<<<<<<<<<]>>>>>>>>>[>>>[-<<<<<<<<<<<<<<<<<<<<<<<<<<<<<<<<<<<<+>>>>>>>>>>>>>>>>>>>>>>>>>>>>>>>>>>>>]>>>>>>]<<<<<<<<<[<<<<<<<<<]>>>>>0>>>>+++++++++++++++[[>>>>>>>>>]<<<<<<<<<-<<<<<<<<<[<<<<<<<<<]>>>>>>>>>-]+[>>>[-<<<->>>]+<<<[->>>->[-<<<<+>>>>]<<<<[->>>>+<<<<<<<<<<<<<[<<<<<<<<<]>>>>0+>>>>>[>>>>>>>>>]>+<]]+>>>>[-<<<<->>>>]+<<<<[->>>>-<[-<<<+>>>]<<<[->>>+<<<<<<<<<<<<[<<<<<<<<<]>>>0+>>>>>>[>>>>>>>>>]>0+<]]+>[-<[>>>>>>>>>]<<<<<<<<]>>>>>>>>]<<<<<<<<<[<<<<<<<<<]>>>[-<<<+>>>]<<<[->>>+>>>>>>[>+>>>[-<<<->>>]<<<[->>>+<<<]>>>>>>>>]<<<<<<<<+<[>[->+>[-<-<<<<<<<<<<+>>>>>>>>>>>>[-<<+>>]<]>[-<<-<<<<<<<<<<+>>>>>>>>>>>>]<<<]>>[-<+>>[-<<-<<<<<<<<<<+>>>>>>>>>>>>]<]>[-<<+>>]<<<<<<<<<<<<<]]>>>>[-<<<<+>>>>]<<<<[->>>>+>>>>>[>+>>[-<<->>]<<[->>+<<]>>>>>>>>]<<<<<<<<+<[>[->+>>[-<<-<<<<<<<<<<+>>>>>>>>>>>[-<+>]>]<[-<-<<<<<<<<<<+>>>>>>>>>>>]<<]>>>[-<<+>[-<-<<<<<<<<<<+>>>>>>>>>>>]>]<[-<+>]<<<<<<<<<<<<]>>>>>+<<<<<]>>>>>>>>>[>>>0>0>0>>>>]<<<<<<<<<[<<<<<<<<<]>>>0>0>>>>>[>>>>>>>[-<<<<<<+>>>>>>]<<<<<<[->>>>>>+<<<<+<<]>>>>>>>>]<<<<<<<<<[<<<<<<<<<]>>>>+>[-<-<<<<+>>>>>]>>[-<<<<<<<[->>>>>+<++<<<<]>>>>>[-<<<<<+>>>>>]<->+>>]<<[->>+<<]<<<<<[->>>>>+<<<<<]+>>>>[-<<<<->>>>]+<<<<[->>>>->>>>>[>>>[-<<<->>>]+<<<[->>>-<[-<<+>>]<<[->>+<<<<<<<<<<<[<<<<<<<<<]>>>>0+>>>>>[>>>>>>>>>]>+<]]+>>[-<<->>]+<<[->>->[-<<<+>>>]<<<[->>>+<<<<<<<<<<<<[<<<<<<<<<]>>>0+>>>>>>[>>>>>>>>>]>0+<]]+>[-<[>>>>>>>>>]<<<<<<<<]>>>>>>>>]<<<<<<<<<[<<<<<<<<<]>>>[-<<<+>>>]<<<[->>>+>>>>>>[>+>[-<->]<[->+<]>>>>>>>>]<<<<<<<<+<[>[->>>>+<<[->>-<<<<<<<<<<<<<+>>>>>>>>>>[->>>+<<<]>]<[->>>-<<<<<<<<<<<<<+>>>>>>>>>>]<]>>[->>+<<<[->>>-<<<<<<<<<<<<<+>>>>>>>>>>]>]<[->>>+<<<]<<<<<<<<<<<]>>>>>0>>[-<<<<<<<+>>>>>>>]<<<<<<<[->>>>>>>+<<+<<<<<]]>>>>[-<<<<+>>>>]<<<<[->>>>+>>>>>[>+>>[-<<->>]<<[->>+<<]>>>>>>>>]<<<<<<<<+<[>[->>>>+<<<[->>>-<<<<<<<<<<<<<+>>>>>>>>>>>[->>+<<]<]>[->>-<<<<<<<<<<<<<+>>>>>>>>>>>]<<]>[->>>+<<[->>-<<<<<<<<<<<<<+>>>>>>>>>>>]<]>[->>+<<]<<<<<<<<<<<<]]>>>>0<<<<]>>>>[-<<<<+>>>>]<<<<[->>>>+>0>>[-<<<<<<<+>>>>>>>]<<<<<<<[->>>>>>>+<<+<<<<<]>>>>>>>>>[>>>>>>>>>]<<<<<<<<<[>[->>>>+<<<[->>>-<<<<<<<<<<<<<+>>>>>>>>>>>[->>+<<]<]>[->>-<<<<<<<<<<<<<+>>>>>>>>>>>]<<]>[->>>+<<[->>-<<<<<<<<<<<<<+>>>>>>>>>>>]<]>[->>+<<]<<<<<<<<<<<<]]>>>>>>>>>[>>0>0>>>>>>]<<<<<<<<<[<<<<<<<<<]>>>0>0>>>>>[>>>>>[-<<<<+>>>>]<<<<[->>>>+<<<+<]>>>>>>>>]<<<<<<<<<[<<<<<<<<<]>>>>>>>>>[>>>>>>[-<<<<<+>>>>>]<<<<<[->>>>>+<<<+<<]>>>>>>>>]<<<<<<<<<[<<<<<<<<<]>>>>>>>>>+++++++++++++++[[>>>>>>>>>]+>0>0>0>0>0>0>0>0>0<<<<<<<<<[<<<<<<<<<]>>>>>>>>>-]+[>+>>>>>>>>]<<<<<<<<<[<<<<<<<<<]>>>>>>>>>[>->>>>[-<<<<+>>>>]<<<<[->>>>+<<<<<[->>[-<<+>>]<<[->>+>>+<<<<]+>>>>>>>>>]<<<<<<<<[<<<<<<<<<]]>>>>>>>>>[>>>>>>>>>]<<<<<<<<<[>[->>>>>>>>>+<<<<<<<<<]<<<<<<<<<<]>[->>>>>>>>>+<<<<<<<<<]<+>>>>>>>>]<<<<<<<<<[>[-]<->>>>[-<<<<+>[<->-<<<<<<+>>>>>>]<[->+<]>>>>]<<<[->>>+<<<]<+<<<<<<<<<]>>>>>>>>>[>+>>>>>>>>]<<<<<<<<<[<<<<<<<<<]>>>>>>>>>[>->>>>>[-<<<<<+>>>>>]<<<<<[->>>>>+<<<<<<[->>>[-<<<+>>>]<<<[->>>+>+<<<<]+>>>>>>>>>]<<<<<<<<[<<<<<<<<<]]>>>>>>>>>[>>>>>>>>>]<<<<<<<<<[>>[->>>>>>>>>+<<<<<<<<<]<<<<<<<<<<<]>>[->>>>>>>>>+<<<<<<<<<]<<+>>>>>>>>]<<<<<<<<<[>0<->>>>[-<<<<+>[<->-<<<<<<+>>>>>>]<[->+<]>>>>]<<<[->>>+<<<]<+<<<<<<<<<]>>>>>>>>>[>>>>[-<<<<<<<<<<<<<<<<<<<<<<<<<<<<<<<<<<<<+>>>>>>>>>>>>>>>>>>>>>>>>>>>>>>>>>>>>]>>>>>]<<<<<<<<<[<<<<<<<<<]>>>>>>>>>+++++++++++++++[[>>>>>>>>>]<<<<<<<<<-<<<<<<<<<[<<<<<<<<<]>>>>>>>>>-]+>>>>>>>>>>>>>>>>>>>>>+<<<[<<<<<<<<<]>>>>>>>>>[>>>[-<<<->>>]+<<<[->>>->[-<<<<+>>>>]<<<<[->>>>+<<<<<<<<<<<<<[<<<<<<<<<]>>>>0+>>>>>[>>>>>>>>>]>+<]]+>>>>[-<<<<->>>>]+<<<<[->>>>-<[-<<<+>>>]<<<[->>>+<<<<<<<<<<<<[<<<<<<<<<]>>>0+>>>>>>[>>>>>>>>>]>0+<]]+>[-<[>>>>>>>>>]<<<<<<<<]>>>>>>>>]<<<<<<<<<[<<<<<<<<<]>>->>[-<<<<+>>>>]<<<<[->>>>+<<0<<]>>]<<+>>>>[-<<<<->>>>]+<<<<[->>>>-<<<<<<.>>]>>>>[-<<<<<<<.>>>>>>>]<<<0>0>0>0>0>0>>>[>0>0>0>0>0>0>>>]<<<<<<<<<[<<<<<<<<<]>>>>>>>>>[>>>>>0>>>>]<<<<<<<<<[<<<<<<<<<]>+++++++++++[-[->>>>>>>>>+<<<<<<<<<]>>>>>>>>>]>>>>+>>>>>>>>>+<<<<<<<<<<<<<<[<<<<<<<<<]>>>>>>>[-<<<<<<<+>>>>>>>]<<<<<<<[->>>>>>>+0>>[>>>>>>>>>]<<<<<<<<<[>>>>>>>[-<<<<<<+>>>>>>]<<<<<<[->>>>>>+<<<<<<<[<<<<<<<<<]>>>>>>>0+>>>]<<<<<<<<<<]]>>>>>>>[-<<<<<<<+>>>>>>>]<<<<<<<[->>>>>>>+>>[>+>>>>[-<<<<->>>>]<<<<[->>>>+<<<<]>>>>>>>>]<<+<<<<<<<[>>>>>[->>+<<]<<<<<<<<<<<<<<]>>>>>>>>>[>>>>>>>>>]<<<<<<<<<[>0<->>>>>>>[-<<<<<<<+>[<->-<<<+>>>]<[->+<]>>>>>>>]<<<<<<[->>>>>>+<<<<<<]<+<<<<<<<<<]>>>>>>>-<<<<0+<<<]+>>>>>>>[-<<<<<<<->>>>>>>]+<<<<<<<[->>>>>>>->>[>>>>>[->>+<<]>>>>]<<<<<<<<<[>0<->>>>>>>[-<<<<<<<+>[<->-<<<+>>>]<[->+<]>>>>>>>]<<<<<<[->>>>>>+<<<<<<]<+<<<<<<<<<]>+++++[-[->>>>>>>>>+<<<<<<<<<]>>>>>>>>>]>>>>+<<<<<[<<<<<<<<<]>>>>>>>>>[>>>>>[-<<<<<->>>>>]+<<<<<[->>>>>->>[-<<<<<<<+>>>>>>>]<<<<<<<[->>>>>>>+<<<<<<<<<<<<<<<<[<<<<<<<<<]>>>>0+>>>>>[>>>>>>>>>]>+<]]+>>>>>>>[-<<<<<<<->>>>>>>]+<<<<<<<[->>>>>>>-<<[-<<<<<+>>>>>]<<<<<[->>>>>+<<<<<<<<<<<<<<[<<<<<<<<<]>>>0+>>>>>>[>>>>>>>>>]>0+<]]+>[-<[>>>>>>>>>]<<<<<<<<]>>>>>>>>]<<<<<<<<<[<<<<<<<<<]>>>>0<<<+++++[-[->>>>>>>>>+<<<<<<<<<]>>>>>>>>>]>>>>-<<<<<[<<<<<<<<<]]>>>]: 48
[->>>+<<<]: 198144
[->>>>>+<<<<<]: 57377
[-<-<<<<<<<<<<+>>>>>>>>>>>>[-<<+>>]<]: 406910
[->>>-<<<<<<<<<<<<<+>>>>>>>>>>>[->>+<<]<]: 155721
[->>>>>>>>>+<<<<<<<<<]: 336
[->>>>>+<<<<<]: 56993
[>>>>>>>[-<<<<<<+>>>>>>]<<<<<<[->>>>>>+<<<<<<<[<<<<<<<<<]>>>>>>>0+>>>]<<<<<<<<<<]: 4176
[-<-<<<<+>>>>>]: 56993
[-<[>>>>>>>>>]<<<<<<<<]: 266197
[->+<]: 420896
[>>>>>>>>>]: 1842972
[>+>>[-<<->>]<<[->>+<<]>>>>>>>>]: 37832
[-<-<<<<+>>>>>]: 56993
[->>>->[-<<<<+>>>>]<<<<[->>>>+<<<<<<<<<<<<<[<<<<<<<<<]>>>>0+>>>>>[>>>>>>>>>]>+<]]: 454256
[->>>>-<[-<<<+>>>]<<<[->>>+<<<<<<<<<<<<[<<<<<<<<<]>>>0+>>>>>>[>>>>>>>>>]>0+<]]: 174096
[>+>>>>>>>>]: 6192
[>[-]<->>>>[-<<<<+>[<->-<<<<<<+>>>>>>]<[->+<]>>>>]<<<[->>>+<<<]<+<<<<<<<<<]: 113986
[>>>[-<<<<<<<<<<<<<<<<<<<<<<<<<<<<<<<<<<<<+>>>>>>>>>>>>>>>>>>>>>>>>>>>>>>>>>>>>]>>>>>>]: 56993
[->>>+<<<<<<<<<<<<[<<<<<<<<<]>>>0+>>>>>>[>>>>>>>>>]>0+<]: 662488
[->>>-<<<<<<<<<<<<<+>>>>>>>>>>]: 269733
[>+>>[-<<->>]<<[->>+<<]>>>>>>>>]: 26031
[->>>>+<<<[->>>-<<<<<<<<<<<<<+>>>>>>>>>>>[->>+<<]<]>[->>-<<<<<<<<<<<<<+>>>>>>>>>>>]<<]: 306768
[-<<[->+>>>-<<<<]>>>]: 56993
[>[->>>>>>>>>+<<<<<<<<<]<<<<<<<<<<]: 3647552
[>>>>>>>>[-<<<<<<<+>>>>>>>]<<<<<<<[->>>>>>>+<<<<<<+<]>>>>>>>>]: 56993
[->>-<<<<<<<<<<<<<+>>>>>>>>>>[->>>+<<<]>]: 269733
[->>>>>>>>>+<<<<<<<<<]: 480
[>>>>>>>>[-<<<<<<<+>>>>>>>]<<<<<<<[->>>>>>>+<<<<<<<<[<<<<<<<<<]>>>>>>>>0+>>]<<<<<<<<<<]: 25
[-<<<<+>[<->-<<<<<<+>>>>>>]<[->+<]>>>>]: 5867616
[>+>>>>[-<<<<->>>>]<<<<[->>>>+<<<<]>>>>>>>>]: 4128
[>>>>[-<<<<<<<<<<<<<<<<<<<<<<<<<<<<<<<<<<<<+>>>>>>>>>>>>>>>>>>>>>>>>>>>>>>>>>>>>]>>>>>]: 56993
[->>>>+>>>>>[>>>>>>>>>]<<<<<<<<<[>[->>>>>+<<<<[->>>>-<<<<<<<<<<<<<<+>>>>>>>>>>>[->>>+<<<]<]>[->>>-<<<<<<<<<<<<<<+>>>>>>>>>>>]<<]>[->>>>+<<<[->>>-<<<<<<<<<<<<<<+>>>>>>>>>>>]<]>[->>>+<<<]<<<<<<<<<<<<]]: 56993
[->>-<<<<<<<<<<<<<+>>>>>>>>>>>]: 38120
[-<<<+>[<->-<<<<<<<+>>>>>>>]<[->+<]>>>]: 3647552
[>>>>>[-<<<<+>>>>]<<<<[->>>>+<<<+<]>>>>>>>>]: 56993
[>>>>>>[->>+<<]>>>]: 24
[>0<->>>>[-<<<<+>[<->-<<<<<<+>>>>>>]<[->+<]>>>>]<<<[->>>+<<<]<+<<<<<<<<<]: 6192
[>+>>>>>>>>]: 177171
[<<<<<<<+<[-<+>>>>+<<0]>[-<<[->+>>>-<<<<]>>>]>>>>>>>>>>>>>[>>0>0>0>>>>>]<<<<<<<<<[<<<<<<<<<]>>>0>>>>>>[>>>>>[-<<<<+>>>>]<<<<[->>>>+<<<+<]>>>>>>>>]<<<<<<<<<[<<<<<<<<<]>>>>>>>>>[>>[-<<<<<<<<<+>>>>>>>>>]>>>>>>>]<<<<<<<<<[<<<<<<<<<]>>>>>>>>>+++++++++++++++[[>>>>>>>>>]+>[-]>0>0>0>0>0>0>0>0<<<<<<<<<[<<<<<<<<<]>>>>>>>>>-]+[>+>>>>>>>>]<<<<<<<<<[<<<<<<<<<]>>>>>>>>>[>->>>>>[-<<<<<+>>>>>]<<<<<[->>>>>+<<<<<<[->>[-<<+>>]<<[->>+>+<<<]+>>>>>>>>>]<<<<<<<<[<<<<<<<<<]]>>>>>>>>>[>>>>>>>>>]<<<<<<<<<[>[->>>>>>>>>+<<<<<<<<<]<<<<<<<<<<]>[->>>>>>>>>+<<<<<<<<<]<+>>>>>>>>]<<<<<<<<<[>0<->>>[-<<<+>[<->-<<<<<<<+>>>>>>>]<[->+<]>>>]<<[->>+<<]<+<<<<<<<<<]>>>>>>>>>[>>>>>>[-<<<<<+>>>>>]<<<<<[->>>>>+<<<<+<]>>>>>>>>]<<<<<<<<<[<<<<<<<<<]>>>>>>>>>[>+>>>>>>>>]<<<<<<<<<[<<<<<<<<<]>>>>>>>>>[>->>>>>[-<<<<<+>>>>>]<<<<<[->>>>>+<<<<<<[->>[-<<+>>]<<[->>+>>+<<<<]+>>>>>>>>>]<<<<<<<<[<<<<<<<<<]]>>>>>>>>>[>>>>>>>>>]<<<<<<<<<[>[->>>>>>>>>+<<<<<<<<<]<<<<<<<<<<]>[->>>>>>>>>+<<<<<<<<<]<+>>>>>>>>]<<<<<<<<<[>[-]<->>>>[-<<<<+>[<->-<<<<<<+>>>>>>]<[->+<]>>>>]<<<[->>>+<<<]<+<<<<<<<<<]>>>>>>>>>[>>>>[-<<<<<<<<<<<<<<<<<<<<<<<<<<<<<<<<<<<<+>>>>>>>>>>>>>>>>>>>>>>>>>>>>>>>>>>>>]>>>>>]<<<<<<<<<[<<<<<<<<<]>>>>>>>>>[>>>[-<<<<<<<<<<<<<<<<<<<<<<<<<<<<<<<<<<<<+>>>>>>>>>>>>>>>>>>>>>>>>>>>>>>>>>>>>]>>>>>>]<<<<<<<<<[<<<<<<<<<]>>>>>>>>>+++++++++++++++[[>>>>>>>>>]<<<<<<<<<-<<<<<<<<<[<<<<<<<<<]>>>>>>>>>-]+[>>>>>>>>[-<<<<<<<+>>>>>>>]<<<<<<<[->>>>>>>+<<<<<<+<]>>>>>>>>]<<<<<<<<<[<<<<<<<<<]>>>>>>>>>[>>>>>>[-]>>>]<<<<<<<<<[<<<<<<<<<]>>>>+>[-<-<<<<+>>>>>]>[-<<<<<<[->>>>>+<++<<<<]>>>>>[-<<<<<+>>>>>]<->+>]<[->+<]<<<<<[->>>>>+<<<<<]>>>>>>0<<<<<<+>>>>[-<<<<->>>>]+<<<<[->>>>->>>>>[>>[-<<->>]+<<[->>->[-<<<+>>>]<<<[->>>+<<<<<<<<<<<<[<<<<<<<<<]>>>0+>>>>>>[>>>>>>>>>]>+<]]+>>>[-<<<->>>]+<<<[->>>-<[-<<+>>]<<[->>+<<<<<<<<<<<[<<<<<<<<<]>>>>0+>>>>>[>>>>>>>>>]>0+<]]+>[-<[>>>>>>>>>]<<<<<<<<]>>>>>>>>]<<<<<<<<<[<<<<<<<<<]>>>>[-<<<<+>>>>]<<<<[->>>>+>>>>>[>+>>[-<<->>]<<[->>+<<]>>>>>>>>]<<<<<<<<+<[>[->>>>>+<<<<[->>>>-<<<<<<<<<<<<<<+>>>>>>>>>>>[->>>+<<<]<]>[->>>-<<<<<<<<<<<<<<+>>>>>>>>>>>]<<]>[->>>>+<<<[->>>-<<<<<<<<<<<<<<+>>>>>>>>>>>]<]>[->>>+<<<]<<<<<<<<<<<<]>>>>0<<<<]>>>[-<<<+>>>]<<<[->>>+>>>>>>[>+>[-<->]<[->+<]>>>>>>>>]<<<<<<<<+<[>[->>>>>+<<<[->>>-<<<<<<<<<<<<<<+>>>>>>>>>>[->>>>+<<<<]>]<[->>>>-<<<<<<<<<<<<<<+>>>>>>>>>>]<]>>[->>>+<<<<[->>>>-<<<<<<<<<<<<<<+>>>>>>>>>>]>]<[->>>>+<<<<]<<<<<<<<<<<]>>>>>>+<<<<<<]]>>>>[-<<<<+>>>>]<<<<[->>>>+>>>>>[>>>>>>>>>]<<<<<<<<<[>[->>>>>+<<<<[->>>>-<<<<<<<<<<<<<<+>>>>>>>>>>>[->>>+<<<]<]>[->>>-<<<<<<<<<<<<<<+>>>>>>>>>>>]<<]>[->>>>+<<<[->>>-<<<<<<<<<<<<<<+>>>>>>>>>>>]<]>[->>>+<<<]<<<<<<<<<<<<]]>0>>0>0>>>>>[>>0>0>>>>>>]<<<<<<<<<[<<<<<<<<<]>>>>>>>>>[>>>>>[-<<<<+>>>>]<<<<[->>>>+<<<+<]>>>>>>>>]<<<<<<<<<[<<<<<<<<<]>>>>>>>>>+++++++++++++++[[>>>>>>>>>]+>0>0>0>0>0>0>0>0>0<<<<<<<<<[<<<<<<<<<]>>>>>>>>>-]+[>+>>>>>>>>]<<<<<<<<<[<<<<<<<<<]>>>>>>>>>[>->>>>[-<<<<+>>>>]<<<<[->>>>+<<<<<[->>[-<<+>>]<<[->>+>+<<<]+>>>>>>>>>]<<<<<<<<[<<<<<<<<<]]>>>>>>>>>[>>>>>>>>>]<<<<<<<<<[>[->>>>>>>>>+<<<<<<<<<]<<<<<<<<<<]>[->>>>>>>>>+<<<<<<<<<]<+>>>>>>>>]<<<<<<<<<[>0<->>>[-<<<+>[<->-<<<<<<<+>>>>>>>]<[->+<]>>>]<<[->>+<<]<+<<<<<<<<<]>>>>>>>>>[>>>[-<<<<<<<<<<<<<<<<<<<<<<<<<<<<<<<<<<<<+>>>>>>>>>>>>>>>>>>>>>>>>>>>>>>>>>>>>]>>>>>>]<<<<<<<<<[<<<<<<<<<]>>>>>0>>>>+++++++++++++++[[>>>>>>>>>]<<<<<<<<<-<<<<<<<<<[<<<<<<<<<]>>>>>>>>>-]+[>>>[-<<<->>>]+<<<[->>>->[-<<<<+>>>>]<<<<[->>>>+<<<<<<<<<<<<<[<<<<<<<<<]>>>>0+>>>>>[>>>>>>>>>]>+<]]+>>>>[-<<<<->>>>]+<<<<[->>>>-<[-<<<+>>>]<<<[->>>+<<<<<<<<<<<<[<<<<<<<<<]>>>0+>>>>>>[>>>>>>>>>]>0+<]]+>[-<[>>>>>>>>>]<<<<<<<<]>>>>>>>>]<<<<<<<<<[<<<<<<<<<]>>>[-<<<+>>>]<<<[->>>+>>>>>>[>+>>>[-<<<->>>]<<<[->>>+<<<]>>>>>>>>]<<<<<<<<+<[>[->+>[-<-<<<<<<<<<<+>>>>>>>>>>>>[-<<+>>]<]>[-<<-<<<<<<<<<<+>>>>>>>>>>>>]<<<]>>[-<+>>[-<<-<<<<<<<<<<+>>>>>>>>>>>>]<]>[-<<+>>]<<<<<<<<<<<<<]]>>>>[-<<<<+>>>>]<<<<[->>>>+>>>>>[>+>>[-<<->>]<<[->>+<<]>>>>>>>>]<<<<<<<<+<[>[->+>>[-<<-<<<<<<<<<<+>>>>>>>>>>>[-<+>]>]<[-<-<<<<<<<<<<+>>>>>>>>>>>]<<]>>>[-<<+>[-<-<<<<<<<<<<+>>>>>>>>>>>]>]<[-<+>]<<<<<<<<<<<<]>>>>>+<<<<<]>>>>>>>>>[>>>0>0>0>>>>]<<<<<<<<<[<<<<<<<<<]>>>0>0>>>>>[>>>>>>>[-<<<<<<+>>>>>>]<<<<<<[->>>>>>+<<<<+<<]>>>>>>>>]<<<<<<<<<[<<<<<<<<<]>>>>+>[-<-<<<<+>>>>>]>>[-<<<<<<<[->>>>>+<++<<<<]>>>>>[-<<<<<+>>>>>]<->+>>]<<[->>+<<]<<<<<[->>>>>+<<<<<]+>>>>[-<<<<->>>>]+<<<<[->>>>->>>>>[>>>[-<<<->>>]+<<<[->>>-<[-<<+>>]<<[->>+<<<<<<<<<<<[<<<<<<<<<]>>>>0+>>>>>[>>>>>>>>>]>+<]]+>>[-<<->>]+<<[->>->[-<<<+>>>]<<<[->>>+<<<<<<<<<<<<[<<<<<<<<<]>>>0+>>>>>>[>>>>>>>>>]>0+<]]+>[-<[>>>>>>>>>]<<<<<<<<]>>>>>>>>]<<<<<<<<<[<<<<<<<<<]>>>[-<<<+>>>]<<<[->>>+>>>>>>[>+>[-<->]<[->+<]>>>>>>>>]<<<<<<<<+<[>[->>>>+<<[->>-<<<<<<<<<<<<<+>>>>>>>>>>[->>>+<<<]>]<[->>>-<<<<<<<<<<<<<+>>>>>>>>>>]<]>>[->>+<<<[->>>-<<<<<<<<<<<<<+>>>>>>>>>>]>]<[->>>+<<<]<<<<<<<<<<<]>>>>>0>>[-<<<<<<<+>>>>>>>]<<<<<<<[->>>>>>>+<<+<<<<<]]>>>>[-<<<<+>>>>]<<<<[->>>>+>>>>>[>+>>[-<<->>]<<[->>+<<]>>>>>>>>]<<<<<<<<+<[>[->>>>+<<<[->>>-<<<<<<<<<<<<<+>>>>>>>>>>>[->>+<<]<]>[->>-<<<<<<<<<<<<<+>>>>>>>>>>>]<<]>[->>>+<<[->>-<<<<<<<<<<<<<+>>>>>>>>>>>]<]>[->>+<<]<<<<<<<<<<<<]]>>>>0<<<<]>>>>[-<<<<+>>>>]<<<<[->>>>+>0>>[-<<<<<<<+>>>>>>>]<<<<<<<[->>>>>>>+<<+<<<<<]>>>>>>>>>[>>>>>>>>>]<<<<<<<<<[>[->>>>+<<<[->>>-<<<<<<<<<<<<<+>>>>>>>>>>>[->>+<<]<]>[->>-<<<<<<<<<<<<<+>>>>>>>>>>>]<<]>[->>>+<<[->>-<<<<<<<<<<<<<+>>>>>>>>>>>]<]>[->>+<<]<<<<<<<<<<<<]]>>>>>>>>>[>>0>0>>>>>>]<<<<<<<<<[<<<<<<<<<]>>>0>0>>>>>[>>>>>[-<<<<+>>>>]<<<<[->>>>+<<<+<]>>>>>>>>]<<<<<<<<<[<<<<<<<<<]>>>>>>>>>[>>>>>>[-<<<<<+>>>>>]<<<<<[->>>>>+<<<+<<]>>>>>>>>]<<<<<<<<<[<<<<<<<<<]>>>>>>>>>+++++++++++++++[[>>>>>>>>>]+>0>0>0>0>0>0>0>0>0<<<<<<<<<[<<<<<<<<<]>>>>>>>>>-]+[>+>>>>>>>>]<<<<<<<<<[<<<<<<<<<]>>>>>>>>>[>->>>>[-<<<<+>>>>]<<<<[->>>>+<<<<<[->>[-<<+>>]<<[->>+>>+<<<<]+>>>>>>>>>]<<<<<<<<[<<<<<<<<<]]>>>>>>>>>[>>>>>>>>>]<<<<<<<<<[>[->>>>>>>>>+<<<<<<<<<]<<<<<<<<<<]>[->>>>>>>>>+<<<<<<<<<]<+>>>>>>>>]<<<<<<<<<[>[-]<->>>>[-<<<<+>[<->-<<<<<<+>>>>>>]<[->+<]>>>>]<<<[->>>+<<<]<+<<<<<<<<<]>>>>>>>>>[>+>>>>>>>>]<<<<<<<<<[<<<<<<<<<]>>>>>>>>>[>->>>>>[-<<<<<+>>>>>]<<<<<[->>>>>+<<<<<<[->>>[-<<<+>>>]<<<[->>>+>+<<<<]+>>>>>>>>>]<<<<<<<<[<<<<<<<<<]]>>>>>>>>>[>>>>>>>>>]<<<<<<<<<[>>[->>>>>>>>>+<<<<<<<<<]<<<<<<<<<<<]>>[->>>>>>>>>+<<<<<<<<<]<<+>>>>>>>>]<<<<<<<<<[>0<->>>>[-<<<<+>[<->-<<<<<<+>>>>>>]<[->+<]>>>>]<<<[->>>+<<<]<+<<<<<<<<<]>>>>>>>>>[>>>>[-<<<<<<<<<<<<<<<<<<<<<<<<<<<<<<<<<<<<+>>>>>>>>>>>>>>>>>>>>>>>>>>>>>>>>>>>>]>>>>>]<<<<<<<<<[<<<<<<<<<]>>>>>>>>>+++++++++++++++[[>>>>>>>>>]<<<<<<<<<-<<<<<<<<<[<<<<<<<<<]>>>>>>>>>-]+>>>>>>>>>>>>>>>>>>>>>+<<<[<<<<<<<<<]>>>>>>>>>[>>>[-<<<->>>]+<<<[->>>->[-<<<<+>>>>]<<<<[->>>>+<<<<<<<<<<<<<[<<<<<<<<<]>>>>0+>>>>>[>>>>>>>>>]>+<]]+>>>>[-<<<<->>>>]+<<<<[->>>>-<[-<<<+>>>]<<<[->>>+<<<<<<<<<<<<[<<<<<<<<<]>>>0+>>>>>>[>>>>>>>>>]>0+<]]+>[-<[>>>>>>>>>]<<<<<<<<]>>>>>>>>]<<<<<<<<<[<<<<<<<<<]>>->>[-<<<<+>>>>]<<<<[->>>>+<<0<<]>>]: 6192
[->>>>+<<<<]: 171184
[-<+>>[-<<-<<<<<<<<<<+>>>>>>>>>>>>]<]: 491296
[<<<<<<<<<]: 24
[->>>>>>+<<+<<<+<]: 99072
[>>>>>>>>>]: 1010960
[->>>-<<<<<<<<<<<<<<+>>>>>>>>>>>]: 82428
[->>>>>+<<<<<<<<<<<<<<[<<<<<<<<<]>>>0+>>>>>>[>>>>>>>>>]>0+<]: 10560
[-<[>>>>>>>>>]<<<<<<<<]: 19846
[>[->+>[-<-<<<<<<<<<<+>>>>>>>>>>>>[-<<+>>]<]>[-<<-<<<<<<<<<<+>>>>>>>>>>>>]<<<]>>[-<+>>[-<<-<<<<<<<<<<+>>>>>>>>>>>>]<]>[-<<+>>]<<<<<<<<<<<<<]: 30706
[-<<<<<<<+>>>>>>>]: 182
[>0<->>>>[-<<<<+>[<->-<<<<<<+>>>>>>]<[->+<]>>>>]<<<[->>>+<<<]<+<<<<<<<<<]: 6192
[->>>>>>>>+<<<<<<<<<<<<<<<<<[<<<<<<<<<]>>>>0+>>>>>[>>>>>>>>>]>+<]: 110
